+.yostarplat.com
+.bluearchiveyostar.com
+.yo-star.com
+.hanime-cdn.com
+.cf.lossless.am
+.freeanimehentai.net
+.highwinds-cdn.com
+.rng.moe
+.htv-services.com
+.zencdn.net
+.githubusercontent.com
+.oracle.com
+.ennead.cc
+.gdvid.info
+.workers.dev
+.recombee.com
+.deeper.com
+.izzysoft.de
+.aniu.ru
+.aniru.pro
+.onichan.ru
+.scdn.co
+.spotifycdn.com
+.mintmanga.one
+.blz-contentstack.com
+.battle.net
+.blizzard.com
+.bitwarden.com
+.bitwarden.net
+.familyislandgame.net
+.familyisland.games
+.iqoo.com
+.9to5linux.com
+.itsfoss.com
+.xda-developers.com
+.sittingonclouds.net
